<?xml version="1.0" encoding="UTF-8"?>
<!-- Generated by org.testng.reporters.JUnitReportReporter -->
<testsuite hostname="SVLR0DCMJG" failures="0" tests="1" name="week5.day1.LaunchChrome" time="2.830" errors="0" timestamp="13 Sep 2021 03:55:34 GMT" skipped="0">
  <testcase classname="week5.day1.LaunchChrome" name="searchSystem" time="2.830"/>
</testsuite> <!-- week5.day1.LaunchChrome -->
